Using pre-set license
Built from '2020.3/release' branch; Version is '2020.3.2f1 (8fd9074bf66c) revision 9427207'; Using compiler version '192528614'; Build Type 'Release'
OS: 'Windows 10 Pro; OS build 19042.867; Version 2009; 64bit' Language: 'en' Physical Memory: 12162 MB
BatchMode: 1, IsHumanControllingUs: 0, StartBugReporterOnCrash: 0, Is64bit: 1, IsPro: 0

 COMMAND LINE ARGUMENTS:
C:\Program Files\Unity\Hub\Editor\2020.3.2f1\Editor\Unity.exe
-adb2
-batchMode
-noUpm
-name
AssetImportWorker1
-projectPath
F:/projects/freelance/dr-kid/dr-kid
-logFile
Logs/AssetImportWorker1.log
-srvPort
60838
Successfully changed project path to: F:/projects/freelance/dr-kid/dr-kid
F:/projects/freelance/dr-kid/dr-kid
Using Asset Import Pipeline V2.
Refreshing native plugins compatible for Editor in 202.13 ms, found 1 plugins.
Preloading 0 native plugins for Editor in 0.00 ms.
Initialize engine version: 2020.3.2f1 (8fd9074bf66c)
[Subsystems] Discovering subsystems at path C:/Program Files/Unity/Hub/Editor/2020.3.2f1/Editor/Data/Resources/UnitySubsystems
[Subsystems] Discovering subsystems at path F:/projects/freelance/dr-kid/dr-kid/Assets
GfxDevice: creating device client; threaded=0
Direct3D:
    Version:  Direct3D 11.0 [level 11.1]
    Renderer: NVIDIA GeForce MX150 (ID=0x1d10)
    Vendor:   
    VRAM:     1983 MB
    Driver:   27.21.14.6172
Initialize mono
Mono path[0] = 'C:/Program Files/Unity/Hub/Editor/2020.3.2f1/Editor/Data/Managed'
Mono path[1] = 'C:/Program Files/Unity/Hub/Editor/2020.3.2f1/Editor/Data/MonoBleedingEdge/lib/mono/unityjit'
Mono config path = 'C:/Program Files/Unity/Hub/Editor/2020.3.2f1/Editor/Data/MonoBleedingEdge/etc'
Using monoOptions --debugger-agent=transport=dt_socket,embedding=1,server=y,suspend=n,address=127.0.0.1:56160
Begin MonoManager ReloadAssembly
Registering precompiled unity dll's ...
Register platform support module: C:/Program Files/Unity/Hub/Editor/2020.3.2f1/Editor/Data/PlaybackEngines/WindowsStandaloneSupport/UnityEditor.WindowsStandalone.Extensions.dll
Registered in 0.042544 seconds.
Native extension for WindowsStandalone target not found
Refreshing native plugins compatible for Editor in 176.62 ms, found 1 plugins.
Preloading 0 native plugins for Editor in 0.00 ms.
Invoked RoslynAnalysisRunner static constructor.
RoslynAnalysisRunner will not be running.
RoslynAnalysisRunner has terminated.
Mono: successfully reloaded assembly
- Completed reload, in  8.669 seconds
Platform modules already initialized, skipping
Registering precompiled user dll's ...
Registered in 0.001664 seconds.
Begin MonoManager ReloadAssembly
Native extension for WindowsStandalone target not found
Refreshing native plugins compatible for Editor in 129.97 ms, found 1 plugins.
Preloading 0 native plugins for Editor in 0.00 ms.
Invoked RoslynAnalysisRunner static constructor.
RoslynAnalysisRunner will not be running.
RoslynAnalysisRunner has terminated.
Mono: successfully reloaded assembly
- Completed reload, in  5.448 seconds
Platform modules already initialized, skipping
========================================================================
Worker process is ready to serve import requests
Launched and connected shader compiler UnityShaderCompiler.exe after 0.24 seconds
Refreshing native plugins compatible for Editor in 0.99 ms, found 1 plugins.
Preloading 0 native plugins for Editor in 0.00 ms.
Unloading 1858 Unused Serialized files (Serialized files now loaded: 0)
System memory in use before: 88.0 MB.
System memory in use after: 88.0 MB.

Unloading 24 unused Assets to reduce memory usage. Loaded Objects now: 2300.
Total: 8.331200 ms (FindLiveObjects: 0.439400 ms CreateObjectMapping: 0.377500 ms MarkObjects: 6.633700 ms  DeleteObjects: 0.877000 ms)

========================================================================
Received Import Request.
  path: Assets/img/animated-bg-fence.jpg
  artifactKey: Guid(7e79f770ccbdd1a468c28f8abf48e41f) Importer(815301076,1909f56bfc062723c751e8b465ee728b)
Start importing Assets/img/animated-bg-fence.jpg using Guid(7e79f770ccbdd1a468c28f8abf48e41f) Importer(815301076,1909f56bfc062723c751e8b465ee728b)  -> (artifact id: '2d8c6ccc9d6152f98c4c8f9f0defbe30') in 0.618401 seconds
  Import took 0.650500 seconds .

========================================================================
Received Import Request.
  Time since last request: 0.000526 seconds.
  path: Assets/img/animated-bg-log.jpg
  artifactKey: Guid(f3f70ef3bf47de544bbfcadcffa96041) Importer(815301076,1909f56bfc062723c751e8b465ee728b)
Start importing Assets/img/animated-bg-log.jpg using Guid(f3f70ef3bf47de544bbfcadcffa96041) Importer(815301076,1909f56bfc062723c751e8b465ee728b)  -> (artifact id: '4e879b3fb56121cdcbc4bf0b0b966cb8') in 0.101517 seconds
  Import took 0.277209 seconds .

========================================================================
Received Prepare
Registering precompiled user dll's ...
Registered in 0.002355 seconds.
Begin MonoManager ReloadAssembly
Native extension for WindowsStandalone target not found
Refreshing native plugins compatible for Editor in 0.87 ms, found 1 plugins.
Preloading 0 native plugins for Editor in 0.00 ms.
Invoked RoslynAnalysisRunner static constructor.
RoslynAnalysisRunner will not be running.
RoslynAnalysisRunner has terminated.
Mono: successfully reloaded assembly
- Completed reload, in  2.507 seconds
Platform modules already initialized, skipping
Switching build target platform(5) subTarget(0) extendedPlatform(0) -> platform(13) subTarget(537395200) extendedPlatform(0)
Refreshing native plugins compatible for Editor in 0.65 ms, found 1 plugins.
Preloading 0 native plugins for Editor in 0.00 ms.
Unloading 1843 Unused Serialized files (Serialized files now loaded: 0)
System memory in use before: 89.6 MB.
System memory in use after: 89.6 MB.

Unloading 12 unused Assets to reduce memory usage. Loaded Objects now: 2310.
Total: 5.666400 ms (FindLiveObjects: 0.577300 ms CreateObjectMapping: 0.229700 ms MarkObjects: 4.432000 ms  DeleteObjects: 0.421900 ms)

AssetImportParameters requested are different than current active one (requested -> active):
  custom:graphics/normal-map-encoding: 01000000000000000000000000000000 -> 02000000000000000000000000000000
========================================================================
Received Import Request.
  Time since last request: 286.695069 seconds.
  path: Assets/img/back-btn.png
  artifactKey: Guid(6d4dd606e89575e4e9f0dab150521f11) Importer(815301076,1909f56bfc062723c751e8b465ee728b)
Start importing Assets/img/back-btn.png using Guid(6d4dd606e89575e4e9f0dab150521f11) Importer(815301076,1909f56bfc062723c751e8b465ee728b)  -> (artifact id: '9cd5f4a06376752a3dcfb964d625f0dd') in 0.246414 seconds
  Import took 0.268739 seconds .

========================================================================
Received Import Request.
  Time since last request: 409.936950 seconds.
  path: Assets/img/close-btn.png
  artifactKey: Guid(eaf79b315d3d3de4e8b27fbc56b3fdea) Importer(815301076,1909f56bfc062723c751e8b465ee728b)
Start importing Assets/img/close-btn.png using Guid(eaf79b315d3d3de4e8b27fbc56b3fdea) Importer(815301076,1909f56bfc062723c751e8b465ee728b)  -> (artifact id: '37efccfb71a21e04dc9adb51a652a5ed') in 0.086915 seconds
  Import took 0.127405 seconds .

========================================================================
Received Import Request.
  Time since last request: 434.393753 seconds.
  path: Assets/img/options-btn.png
  artifactKey: Guid(85f74b58e3883b840a09976f0284cae2) Importer(815301076,1909f56bfc062723c751e8b465ee728b)
Start importing Assets/img/options-btn.png using Guid(85f74b58e3883b840a09976f0284cae2) Importer(815301076,1909f56bfc062723c751e8b465ee728b)  -> (artifact id: 'aad8577145afbea77af57f40c5cc8f72') in 0.127077 seconds
  Import took 0.161386 seconds .

========================================================================
Received Import Request.
  Time since last request: 1356.939054 seconds.
  path: Assets/img/play-btn.png
  artifactKey: Guid(ab1e64eed8fdd0b40903cc381cd58b08) Importer(815301076,1909f56bfc062723c751e8b465ee728b)
Start importing Assets/img/play-btn.png using Guid(ab1e64eed8fdd0b40903cc381cd58b08) Importer(815301076,1909f56bfc062723c751e8b465ee728b)  -> (artifact id: '43d9b791c233c73e68f54f8e6dc3494e') in 0.134483 seconds
  Import took 0.214782 seconds .

========================================================================
Received Import Request.
  Time since last request: 289.958931 seconds.
  path: Assets/img/play-btn.png
  artifactKey: Guid(ab1e64eed8fdd0b40903cc381cd58b08) Importer(815301076,1909f56bfc062723c751e8b465ee728b)
Start importing Assets/img/play-btn.png using Guid(ab1e64eed8fdd0b40903cc381cd58b08) Importer(815301076,1909f56bfc062723c751e8b465ee728b)  -> (artifact id: '0343bb362b975cb7ed18b44a6131cecd') in 0.088453 seconds
  Import took 0.142997 seconds .

========================================================================
Received Prepare
Registering precompiled user dll's ...
Registered in 0.117970 seconds.
Begin MonoManager ReloadAssembly
Native extension for WindowsStandalone target not found
Refreshing native plugins compatible for Editor in 2.17 ms, found 1 plugins.
Preloading 0 native plugins for Editor in 0.00 ms.
Invoked RoslynAnalysisRunner static constructor.
RoslynAnalysisRunner will not be running.
RoslynAnalysisRunner has terminated.
Mono: successfully reloaded assembly
- Completed reload, in  4.928 seconds
Platform modules already initialized, skipping
Switching build target platform(5) subTarget(0) extendedPlatform(0) -> platform(13) subTarget(537395200) extendedPlatform(0)
Refreshing native plugins compatible for Editor in 0.84 ms, found 1 plugins.
Preloading 0 native plugins for Editor in 0.00 ms.
Unloading 1843 Unused Serialized files (Serialized files now loaded: 0)
System memory in use before: 89.7 MB.
System memory in use after: 89.7 MB.

Unloading 12 unused Assets to reduce memory usage. Loaded Objects now: 2319.
Total: 5.657200 ms (FindLiveObjects: 0.555300 ms CreateObjectMapping: 0.306900 ms MarkObjects: 4.535300 ms  DeleteObjects: 0.255800 ms)

AssetImportParameters requested are different than current active one (requested -> active):
  custom:graphics/normal-map-encoding: 01000000000000000000000000000000 -> 02000000000000000000000000000000
========================================================================
Received Prepare
Registering precompiled user dll's ...
Registered in 0.002474 seconds.
Begin MonoManager ReloadAssembly
Native extension for WindowsStandalone target not found
Refreshing native plugins compatible for Editor in 1.13 ms, found 1 plugins.
Preloading 0 native plugins for Editor in 0.00 ms.
Invoked RoslynAnalysisRunner static constructor.
RoslynAnalysisRunner will not be running.
RoslynAnalysisRunner has terminated.
Mono: successfully reloaded assembly
- Completed reload, in  3.126 seconds
Platform modules already initialized, skipping
Switching build target platform(5) subTarget(0) extendedPlatform(0) -> platform(13) subTarget(537395200) extendedPlatform(0)
Refreshing native plugins compatible for Editor in 0.78 ms, found 1 plugins.
Preloading 0 native plugins for Editor in 0.00 ms.
Unloading 1843 Unused Serialized files (Serialized files now loaded: 0)
System memory in use before: 89.7 MB.
System memory in use after: 89.7 MB.

Unloading 12 unused Assets to reduce memory usage. Loaded Objects now: 2323.
Total: 5.017600 ms (FindLiveObjects: 0.611700 ms CreateObjectMapping: 0.527000 ms MarkObjects: 3.651100 ms  DeleteObjects: 0.225200 ms)

AssetImportParameters requested are different than current active one (requested -> active):
  custom:graphics/normal-map-encoding: 01000000000000000000000000000000 -> 02000000000000000000000000000000
========================================================================
Received Prepare
Registering precompiled user dll's ...
Registered in 0.002912 seconds.
Begin MonoManager ReloadAssembly
Native extension for WindowsStandalone target not found
Refreshing native plugins compatible for Editor in 0.91 ms, found 1 plugins.
Preloading 0 native plugins for Editor in 0.00 ms.
Invoked RoslynAnalysisRunner static constructor.
RoslynAnalysisRunner will not be running.
RoslynAnalysisRunner has terminated.
Mono: successfully reloaded assembly
- Completed reload, in  2.704 seconds
Platform modules already initialized, skipping
Switching build target platform(5) subTarget(0) extendedPlatform(0) -> platform(13) subTarget(537395200) extendedPlatform(0)
Refreshing native plugins compatible for Editor in 0.92 ms, found 1 plugins.
Preloading 0 native plugins for Editor in 0.00 ms.
Unloading 1843 Unused Serialized files (Serialized files now loaded: 0)
System memory in use before: 89.7 MB.
System memory in use after: 89.7 MB.

Unloading 12 unused Assets to reduce memory usage. Loaded Objects now: 2327.
Total: 5.201600 ms (FindLiveObjects: 0.564000 ms CreateObjectMapping: 0.434300 ms MarkObjects: 3.972500 ms  DeleteObjects: 0.226700 ms)

AssetImportParameters requested are different than current active one (requested -> active):
  custom:graphics/normal-map-encoding: 01000000000000000000000000000000 -> 02000000000000000000000000000000
AssetImportWorkerClient::OnTransportError - code=2 error=End of file
