Using pre-set license
Built from '2020.3/release' branch; Version is '2020.3.2f1 (8fd9074bf66c) revision 9427207'; Using compiler version '192528614'; Build Type 'Release'
OS: 'Windows 10 Pro; OS build 19042.906; Version 2009; 64bit' Language: 'en' Physical Memory: 12162 MB
BatchMode: 1, IsHumanControllingUs: 0, StartBugReporterOnCrash: 0, Is64bit: 1, IsPro: 0

 COMMAND LINE ARGUMENTS:
C:\Program Files\Unity\Hub\Editor\2020.3.2f1\Editor\Unity.exe
-adb2
-batchMode
-noUpm
-name
AssetImportWorker0
-projectPath
F:/projects/freelance/dr-kid/dr-kid
-logFile
Logs/AssetImportWorker0.log
-srvPort
49508
Successfully changed project path to: F:/projects/freelance/dr-kid/dr-kid
F:/projects/freelance/dr-kid/dr-kid
Using Asset Import Pipeline V2.
Refreshing native plugins compatible for Editor in 97.01 ms, found 1 plugins.
Preloading 0 native plugins for Editor in 0.00 ms.
Initialize engine version: 2020.3.2f1 (8fd9074bf66c)
[Subsystems] Discovering subsystems at path C:/Program Files/Unity/Hub/Editor/2020.3.2f1/Editor/Data/Resources/UnitySubsystems
[Subsystems] Discovering subsystems at path F:/projects/freelance/dr-kid/dr-kid/Assets
GfxDevice: creating device client; threaded=0
Direct3D:
    Version:  Direct3D 11.0 [level 11.1]
    Renderer: NVIDIA GeForce MX150 (ID=0x1d10)
    Vendor:   
    VRAM:     1983 MB
    Driver:   27.21.14.6172
Initialize mono
Mono path[0] = 'C:/Program Files/Unity/Hub/Editor/2020.3.2f1/Editor/Data/Managed'
Mono path[1] = 'C:/Program Files/Unity/Hub/Editor/2020.3.2f1/Editor/Data/MonoBleedingEdge/lib/mono/unityjit'
Mono config path = 'C:/Program Files/Unity/Hub/Editor/2020.3.2f1/Editor/Data/MonoBleedingEdge/etc'
Using monoOptions --debugger-agent=transport=dt_socket,embedding=1,server=y,suspend=n,address=127.0.0.1:56584
Begin MonoManager ReloadAssembly
Registering precompiled unity dll's ...
Register platform support module: C:/Program Files/Unity/Hub/Editor/2020.3.2f1/Editor/Data/PlaybackEngines/WindowsStandaloneSupport/UnityEditor.WindowsStandalone.Extensions.dll
Registered in 0.005156 seconds.
Native extension for WindowsStandalone target not found
Refreshing native plugins compatible for Editor in 117.63 ms, found 1 plugins.
Preloading 0 native plugins for Editor in 0.00 ms.
Invoked RoslynAnalysisRunner static constructor.
RoslynAnalysisRunner will not be running.
RoslynAnalysisRunner has terminated.
Mono: successfully reloaded assembly
- Completed reload, in  4.997 seconds
Platform modules already initialized, skipping
Registering precompiled user dll's ...
Registered in 0.002723 seconds.
Begin MonoManager ReloadAssembly
Native extension for WindowsStandalone target not found
Refreshing native plugins compatible for Editor in 98.30 ms, found 1 plugins.
Preloading 0 native plugins for Editor in 0.00 ms.
Invoked RoslynAnalysisRunner static constructor.
RoslynAnalysisRunner will not be running.
RoslynAnalysisRunner has terminated.
Mono: successfully reloaded assembly
- Completed reload, in  2.384 seconds
Platform modules already initialized, skipping
========================================================================
Worker process is ready to serve import requests
Launched and connected shader compiler UnityShaderCompiler.exe after 0.13 seconds
Refreshing native plugins compatible for Editor in 0.76 ms, found 1 plugins.
Preloading 0 native plugins for Editor in 0.00 ms.
Unloading 1875 Unused Serialized files (Serialized files now loaded: 0)
System memory in use before: 88.7 MB.
System memory in use after: 88.8 MB.

Unloading 21 unused Assets to reduce memory usage. Loaded Objects now: 2320.
Total: 5.451200 ms (FindLiveObjects: 0.486900 ms CreateObjectMapping: 0.265000 ms MarkObjects: 4.449600 ms  DeleteObjects: 0.246500 ms)

========================================================================
Received Import Request.
  path: Assets/Scenes/FirstAid/Outdoor/SceneTen.unity
  artifactKey: Guid(ac9a58161cd2f2149ac51d2669d2bd76) Importer(815301076,1909f56bfc062723c751e8b465ee728b)
Start importing Assets/Scenes/FirstAid/Outdoor/SceneTen.unity using Guid(ac9a58161cd2f2149ac51d2669d2bd76) Importer(815301076,1909f56bfc062723c751e8b465ee728b)  -> (artifact id: 'efffd1b37e722cbac9b11adbc497d625') in 0.049989 seconds
  Import took 0.061887 seconds .

========================================================================
Received Import Request.
  Time since last request: 123.279979 seconds.
  path: Assets/gifs/FirstAid/Levels/Ten/cindy-eating.png
  artifactKey: Guid(37a3f870d02c1e648afa979051c32fd0) Importer(815301076,1909f56bfc062723c751e8b465ee728b)
Start importing Assets/gifs/FirstAid/Levels/Ten/cindy-eating.png using Guid(37a3f870d02c1e648afa979051c32fd0) Importer(815301076,1909f56bfc062723c751e8b465ee728b)  -> (artifact id: 'a0f775bbce8b1426e6cf114dc061176f') in 0.518583 seconds
  Import took 0.646278 seconds .

========================================================================
Received Import Request.
  Time since last request: 0.000602 seconds.
  path: Assets/gifs/FirstAid/Levels/Ten/cindy-eating_2.png
  artifactKey: Guid(bf9f788474cc2b045a27eeba8dbed66e) Importer(815301076,1909f56bfc062723c751e8b465ee728b)
Start importing Assets/gifs/FirstAid/Levels/Ten/cindy-eating_2.png using Guid(bf9f788474cc2b045a27eeba8dbed66e) Importer(815301076,1909f56bfc062723c751e8b465ee728b)  -> (artifact id: 'ab04c86ef475b2c08f2e6e6ed6a38421') in 0.132857 seconds
  Import took 0.175944 seconds .

========================================================================
Received Import Request.
  Time since last request: 0.000543 seconds.
  path: Assets/gifs/FirstAid/Levels/Ten/cindy-eating_3.png
  artifactKey: Guid(c5d174230719e9a4caf73cd924d5e11e) Importer(815301076,1909f56bfc062723c751e8b465ee728b)
Start importing Assets/gifs/FirstAid/Levels/Ten/cindy-eating_3.png using Guid(c5d174230719e9a4caf73cd924d5e11e) Importer(815301076,1909f56bfc062723c751e8b465ee728b)  -> (artifact id: '357f5ee62ff022de7e0318f40b7f1f23') in 0.108872 seconds
  Import took 0.115625 seconds .

========================================================================
Received Import Request.
  Time since last request: 309.238816 seconds.
  path: Assets/Scripts/FirstAid/Outdoor/SceneTenScript.cs
  artifactKey: Guid(1c76b91915d000946af5d500c178c36c) Importer(815301076,1909f56bfc062723c751e8b465ee728b)
Start importing Assets/Scripts/FirstAid/Outdoor/SceneTenScript.cs using Guid(1c76b91915d000946af5d500c178c36c) Importer(815301076,1909f56bfc062723c751e8b465ee728b)  -> (artifact id: '6bf75ca7f83b275a3657463c747fb044') in 0.041058 seconds
  Import took 0.197419 seconds .

========================================================================
Received Prepare
Registering precompiled user dll's ...
Registered in 0.001984 seconds.
Begin MonoManager ReloadAssembly
Native extension for WindowsStandalone target not found
Refreshing native plugins compatible for Editor in 0.78 ms, found 1 plugins.
Preloading 0 native plugins for Editor in 0.00 ms.
Invoked RoslynAnalysisRunner static constructor.
RoslynAnalysisRunner will not be running.
RoslynAnalysisRunner has terminated.
Mono: successfully reloaded assembly
- Completed reload, in  2.882 seconds
Platform modules already initialized, skipping
Switching build target platform(5) subTarget(0) extendedPlatform(0) -> platform(13) subTarget(537395200) extendedPlatform(0)
Refreshing native plugins compatible for Editor in 1.22 ms, found 1 plugins.
Preloading 0 native plugins for Editor in 0.00 ms.
Unloading 1858 Unused Serialized files (Serialized files now loaded: 0)
System memory in use before: 90.1 MB.
System memory in use after: 90.1 MB.

Unloading 9 unused Assets to reduce memory usage. Loaded Objects now: 2335.
Total: 5.167800 ms (FindLiveObjects: 0.677900 ms CreateObjectMapping: 0.710300 ms MarkObjects: 3.638000 ms  DeleteObjects: 0.138800 ms)

AssetImportParameters requested are different than current active one (requested -> active):
  custom:graphics/normal-map-encoding: 01000000000000000000000000000000 -> 02000000000000000000000000000000
========================================================================
Received Prepare
Registering precompiled user dll's ...
Registered in 0.001754 seconds.
Begin MonoManager ReloadAssembly
Native extension for WindowsStandalone target not found
Refreshing native plugins compatible for Editor in 0.71 ms, found 1 plugins.
Preloading 0 native plugins for Editor in 0.00 ms.
Invoked RoslynAnalysisRunner static constructor.
RoslynAnalysisRunner will not be running.
RoslynAnalysisRunner has terminated.
Mono: successfully reloaded assembly
- Completed reload, in  2.215 seconds
Platform modules already initialized, skipping
Switching build target platform(5) subTarget(0) extendedPlatform(0) -> platform(13) subTarget(537395200) extendedPlatform(0)
Refreshing native plugins compatible for Editor in 0.90 ms, found 1 plugins.
Preloading 0 native plugins for Editor in 0.00 ms.
Unloading 1858 Unused Serialized files (Serialized files now loaded: 0)
System memory in use before: 90.1 MB.
System memory in use after: 90.2 MB.

Unloading 9 unused Assets to reduce memory usage. Loaded Objects now: 2339.
Total: 6.415700 ms (FindLiveObjects: 0.469900 ms CreateObjectMapping: 0.342800 ms MarkObjects: 5.424700 ms  DeleteObjects: 0.174500 ms)

AssetImportParameters requested are different than current active one (requested -> active):
  custom:graphics/normal-map-encoding: 01000000000000000000000000000000 -> 02000000000000000000000000000000
========================================================================
Received Import Request.
  Time since last request: 82.819790 seconds.
  path: Assets/Scripts/FirstAid/Outdoor/SceneTenScript.cs
  artifactKey: Guid(1c76b91915d000946af5d500c178c36c) Importer(815301076,1909f56bfc062723c751e8b465ee728b)
Start importing Assets/Scripts/FirstAid/Outdoor/SceneTenScript.cs using Guid(1c76b91915d000946af5d500c178c36c) Importer(815301076,1909f56bfc062723c751e8b465ee728b)  -> (artifact id: 'e92b5cafb59e1bbe5d5358e7638170ce') in 0.011340 seconds
  Import took 0.020778 seconds .

========================================================================
Received Prepare
Registering precompiled user dll's ...
Registered in 0.001796 seconds.
Begin MonoManager ReloadAssembly
Native extension for WindowsStandalone target not found
Refreshing native plugins compatible for Editor in 0.76 ms, found 1 plugins.
Preloading 0 native plugins for Editor in 0.00 ms.
Invoked RoslynAnalysisRunner static constructor.
RoslynAnalysisRunner will not be running.
RoslynAnalysisRunner has terminated.
Mono: successfully reloaded assembly
- Completed reload, in  2.216 seconds
Platform modules already initialized, skipping
Switching build target platform(5) subTarget(0) extendedPlatform(0) -> platform(13) subTarget(537395200) extendedPlatform(0)
Refreshing native plugins compatible for Editor in 0.71 ms, found 1 plugins.
Preloading 0 native plugins for Editor in 0.00 ms.
Unloading 1858 Unused Serialized files (Serialized files now loaded: 0)
System memory in use before: 90.1 MB.
System memory in use after: 90.2 MB.

Unloading 9 unused Assets to reduce memory usage. Loaded Objects now: 2343.
Total: 4.271600 ms (FindLiveObjects: 0.370300 ms CreateObjectMapping: 0.253500 ms MarkObjects: 3.511300 ms  DeleteObjects: 0.133600 ms)

AssetImportParameters requested are different than current active one (requested -> active):
  custom:graphics/normal-map-encoding: 01000000000000000000000000000000 -> 02000000000000000000000000000000
========================================================================
Received Prepare
Registering precompiled user dll's ...
Registered in 0.001834 seconds.
Begin MonoManager ReloadAssembly
Native extension for WindowsStandalone target not found
Refreshing native plugins compatible for Editor in 1.07 ms, found 1 plugins.
Preloading 0 native plugins for Editor in 0.00 ms.
Invoked RoslynAnalysisRunner static constructor.
RoslynAnalysisRunner will not be running.
RoslynAnalysisRunner has terminated.
Mono: successfully reloaded assembly
- Completed reload, in  2.299 seconds
Platform modules already initialized, skipping
Switching build target platform(5) subTarget(0) extendedPlatform(0) -> platform(13) subTarget(537395200) extendedPlatform(0)
Refreshing native plugins compatible for Editor in 0.70 ms, found 1 plugins.
Preloading 0 native plugins for Editor in 0.00 ms.
Unloading 1858 Unused Serialized files (Serialized files now loaded: 0)
System memory in use before: 90.1 MB.
System memory in use after: 90.2 MB.

Unloading 9 unused Assets to reduce memory usage. Loaded Objects now: 2347.
Total: 5.866000 ms (FindLiveObjects: 0.723300 ms CreateObjectMapping: 0.244500 ms MarkObjects: 4.671100 ms  DeleteObjects: 0.223000 ms)

AssetImportParameters requested are different than current active one (requested -> active):
  custom:graphics/normal-map-encoding: 01000000000000000000000000000000 -> 02000000000000000000000000000000
========================================================================
Received Prepare
Registering precompiled user dll's ...
Registered in 0.003072 seconds.
Begin MonoManager ReloadAssembly
Native extension for WindowsStandalone target not found
Refreshing native plugins compatible for Editor in 1.70 ms, found 1 plugins.
Preloading 0 native plugins for Editor in 0.00 ms.
Invoked RoslynAnalysisRunner static constructor.
RoslynAnalysisRunner will not be running.
RoslynAnalysisRunner has terminated.
Mono: successfully reloaded assembly
- Completed reload, in  3.105 seconds
Platform modules already initialized, skipping
Switching build target platform(5) subTarget(0) extendedPlatform(0) -> platform(13) subTarget(537395200) extendedPlatform(0)
Refreshing native plugins compatible for Editor in 0.92 ms, found 1 plugins.
Preloading 0 native plugins for Editor in 0.00 ms.
Unloading 1858 Unused Serialized files (Serialized files now loaded: 0)
System memory in use before: 90.1 MB.
System memory in use after: 90.2 MB.

Unloading 9 unused Assets to reduce memory usage. Loaded Objects now: 2351.
Total: 7.271200 ms (FindLiveObjects: 0.869900 ms CreateObjectMapping: 0.369600 ms MarkObjects: 5.888600 ms  DeleteObjects: 0.140000 ms)

AssetImportParameters requested are different than current active one (requested -> active):
  custom:graphics/normal-map-encoding: 01000000000000000000000000000000 -> 02000000000000000000000000000000
========================================================================
Received Prepare
Registering precompiled user dll's ...
Registered in 0.002255 seconds.
Begin MonoManager ReloadAssembly
Native extension for WindowsStandalone target not found
Refreshing native plugins compatible for Editor in 0.76 ms, found 1 plugins.
Preloading 0 native plugins for Editor in 0.00 ms.
Invoked RoslynAnalysisRunner static constructor.
RoslynAnalysisRunner will not be running.
RoslynAnalysisRunner has terminated.
Mono: successfully reloaded assembly
- Completed reload, in  2.172 seconds
Platform modules already initialized, skipping
Switching build target platform(5) subTarget(0) extendedPlatform(0) -> platform(13) subTarget(537395200) extendedPlatform(0)
Refreshing native plugins compatible for Editor in 0.75 ms, found 1 plugins.
Preloading 0 native plugins for Editor in 0.00 ms.
Unloading 1858 Unused Serialized files (Serialized files now loaded: 0)
System memory in use before: 90.2 MB.
System memory in use after: 90.2 MB.

Unloading 9 unused Assets to reduce memory usage. Loaded Objects now: 2355.
Total: 4.507000 ms (FindLiveObjects: 0.520800 ms CreateObjectMapping: 0.344900 ms MarkObjects: 3.484800 ms  DeleteObjects: 0.148700 ms)

AssetImportParameters requested are different than current active one (requested -> active):
  custom:graphics/normal-map-encoding: 01000000000000000000000000000000 -> 02000000000000000000000000000000
========================================================================
Received Prepare
Registering precompiled user dll's ...
Registered in 0.002358 seconds.
Begin MonoManager ReloadAssembly
Native extension for WindowsStandalone target not found
Refreshing native plugins compatible for Editor in 0.75 ms, found 1 plugins.
Preloading 0 native plugins for Editor in 0.00 ms.
Invoked RoslynAnalysisRunner static constructor.
RoslynAnalysisRunner will not be running.
RoslynAnalysisRunner has terminated.
Mono: successfully reloaded assembly
- Completed reload, in  2.204 seconds
Platform modules already initialized, skipping
Switching build target platform(5) subTarget(0) extendedPlatform(0) -> platform(13) subTarget(537395200) extendedPlatform(0)
Refreshing native plugins compatible for Editor in 0.72 ms, found 1 plugins.
Preloading 0 native plugins for Editor in 0.00 ms.
Unloading 1858 Unused Serialized files (Serialized files now loaded: 0)
System memory in use before: 90.2 MB.
System memory in use after: 90.2 MB.

Unloading 9 unused Assets to reduce memory usage. Loaded Objects now: 2359.
Total: 4.721200 ms (FindLiveObjects: 0.416600 ms CreateObjectMapping: 0.261000 ms MarkObjects: 3.817200 ms  DeleteObjects: 0.223600 ms)

AssetImportParameters requested are different than current active one (requested -> active):
  custom:graphics/normal-map-encoding: 01000000000000000000000000000000 -> 02000000000000000000000000000000
========================================================================
Received Prepare
Registering precompiled user dll's ...
Registered in 0.002116 seconds.
Begin MonoManager ReloadAssembly
Native extension for WindowsStandalone target not found
Refreshing native plugins compatible for Editor in 0.75 ms, found 1 plugins.
Preloading 0 native plugins for Editor in 0.00 ms.
Invoked RoslynAnalysisRunner static constructor.
RoslynAnalysisRunner will not be running.
RoslynAnalysisRunner has terminated.
Mono: successfully reloaded assembly
- Completed reload, in  2.154 seconds
Platform modules already initialized, skipping
Switching build target platform(5) subTarget(0) extendedPlatform(0) -> platform(13) subTarget(537395200) extendedPlatform(0)
Refreshing native plugins compatible for Editor in 0.79 ms, found 1 plugins.
Preloading 0 native plugins for Editor in 0.00 ms.
Unloading 1858 Unused Serialized files (Serialized files now loaded: 0)
System memory in use before: 90.2 MB.
System memory in use after: 90.2 MB.

Unloading 9 unused Assets to reduce memory usage. Loaded Objects now: 2363.
Total: 4.972000 ms (FindLiveObjects: 0.528300 ms CreateObjectMapping: 0.332100 ms MarkObjects: 3.972000 ms  DeleteObjects: 0.137100 ms)

AssetImportParameters requested are different than current active one (requested -> active):
  custom:graphics/normal-map-encoding: 01000000000000000000000000000000 -> 02000000000000000000000000000000
========================================================================
Received Prepare
Registering precompiled user dll's ...
Registered in 0.001687 seconds.
Begin MonoManager ReloadAssembly
Native extension for WindowsStandalone target not found
Refreshing native plugins compatible for Editor in 0.71 ms, found 1 plugins.
Preloading 0 native plugins for Editor in 0.00 ms.
Invoked RoslynAnalysisRunner static constructor.
RoslynAnalysisRunner will not be running.
RoslynAnalysisRunner has terminated.
Mono: successfully reloaded assembly
- Completed reload, in  2.236 seconds
Platform modules already initialized, skipping
Switching build target platform(5) subTarget(0) extendedPlatform(0) -> platform(13) subTarget(537395200) extendedPlatform(0)
Refreshing native plugins compatible for Editor in 0.70 ms, found 1 plugins.
Preloading 0 native plugins for Editor in 0.00 ms.
Unloading 1858 Unused Serialized files (Serialized files now loaded: 0)
System memory in use before: 90.2 MB.
System memory in use after: 90.2 MB.

Unloading 9 unused Assets to reduce memory usage. Loaded Objects now: 2367.
Total: 5.035500 ms (FindLiveObjects: 0.711800 ms CreateObjectMapping: 0.243000 ms MarkObjects: 3.939000 ms  DeleteObjects: 0.138500 ms)

AssetImportParameters requested are different than current active one (requested -> active):
  custom:graphics/normal-map-encoding: 01000000000000000000000000000000 -> 02000000000000000000000000000000
========================================================================
Received Prepare
Registering precompiled user dll's ...
Registered in 0.001815 seconds.
Begin MonoManager ReloadAssembly
Native extension for WindowsStandalone target not found
Refreshing native plugins compatible for Editor in 0.76 ms, found 1 plugins.
Preloading 0 native plugins for Editor in 0.00 ms.
Invoked RoslynAnalysisRunner static constructor.
RoslynAnalysisRunner will not be running.
RoslynAnalysisRunner has terminated.
Mono: successfully reloaded assembly
- Completed reload, in  2.201 seconds
Platform modules already initialized, skipping
Switching build target platform(5) subTarget(0) extendedPlatform(0) -> platform(13) subTarget(537395200) extendedPlatform(0)
Refreshing native plugins compatible for Editor in 0.72 ms, found 1 plugins.
Preloading 0 native plugins for Editor in 0.00 ms.
Unloading 1858 Unused Serialized files (Serialized files now loaded: 0)
System memory in use before: 90.2 MB.
System memory in use after: 90.3 MB.

Unloading 9 unused Assets to reduce memory usage. Loaded Objects now: 2371.
Total: 4.471100 ms (FindLiveObjects: 0.534900 ms CreateObjectMapping: 0.292900 ms MarkObjects: 3.502200 ms  DeleteObjects: 0.138000 ms)

AssetImportParameters requested are different than current active one (requested -> active):
  custom:graphics/normal-map-encoding: 01000000000000000000000000000000 -> 02000000000000000000000000000000
========================================================================
Received Prepare
Registering precompiled user dll's ...
Registered in 0.002293 seconds.
Begin MonoManager ReloadAssembly
Native extension for WindowsStandalone target not found
Refreshing native plugins compatible for Editor in 0.78 ms, found 1 plugins.
Preloading 0 native plugins for Editor in 0.00 ms.
Invoked RoslynAnalysisRunner static constructor.
RoslynAnalysisRunner will not be running.
RoslynAnalysisRunner has terminated.
Mono: successfully reloaded assembly
- Completed reload, in  2.691 seconds
Platform modules already initialized, skipping
Switching build target platform(5) subTarget(0) extendedPlatform(0) -> platform(13) subTarget(537395200) extendedPlatform(0)
Refreshing native plugins compatible for Editor in 1.16 ms, found 1 plugins.
Preloading 0 native plugins for Editor in 0.00 ms.
Unloading 1858 Unused Serialized files (Serialized files now loaded: 0)
System memory in use before: 90.2 MB.
System memory in use after: 90.3 MB.

Unloading 9 unused Assets to reduce memory usage. Loaded Objects now: 2375.
Total: 4.613900 ms (FindLiveObjects: 0.561600 ms CreateObjectMapping: 0.323500 ms MarkObjects: 3.567100 ms  DeleteObjects: 0.158900 ms)

AssetImportParameters requested are different than current active one (requested -> active):
  custom:graphics/normal-map-encoding: 01000000000000000000000000000000 -> 02000000000000000000000000000000
========================================================================
Received Prepare
Refreshing native plugins compatible for Editor in 3.01 ms, found 1 plugins.
Preloading 0 native plugins for Editor in 0.00 ms.
Unloading 7 Unused Serialized files (Serialized files now loaded: 0)
System memory in use before: 53.8 MB.
System memory in use after: 53.9 MB.

Unloading 7 unused Assets to reduce memory usage. Loaded Objects now: 2375.
Total: 7.207700 ms (FindLiveObjects: 0.535900 ms CreateObjectMapping: 0.231700 ms MarkObjects: 6.197500 ms  DeleteObjects: 0.239100 ms)

AssetImportWorkerClient::OnTransportError - code=2 error=End of file
