Using pre-set license
Built from '2020.3/release' branch; Version is '2020.3.2f1 (8fd9074bf66c) revision 9427207'; Using compiler version '192528614'; Build Type 'Release'
OS: 'Windows 10 Pro; OS build 19042.906; Version 2009; 64bit' Language: 'en' Physical Memory: 12162 MB
BatchMode: 1, IsHumanControllingUs: 0, StartBugReporterOnCrash: 0, Is64bit: 1, IsPro: 0

 COMMAND LINE ARGUMENTS:
C:\Program Files\Unity\Hub\Editor\2020.3.2f1\Editor\Unity.exe
-adb2
-batchMode
-noUpm
-name
AssetImportWorker0
-projectPath
F:/projects/freelance/dr-kid/dr-kid
-logFile
Logs/AssetImportWorker0.log
-srvPort
65394
Successfully changed project path to: F:/projects/freelance/dr-kid/dr-kid
F:/projects/freelance/dr-kid/dr-kid
Using Asset Import Pipeline V2.
Refreshing native plugins compatible for Editor in 149.89 ms, found 1 plugins.
Preloading 0 native plugins for Editor in 0.00 ms.
Initialize engine version: 2020.3.2f1 (8fd9074bf66c)
[Subsystems] Discovering subsystems at path C:/Program Files/Unity/Hub/Editor/2020.3.2f1/Editor/Data/Resources/UnitySubsystems
[Subsystems] Discovering subsystems at path F:/projects/freelance/dr-kid/dr-kid/Assets
GfxDevice: creating device client; threaded=0
Direct3D:
    Version:  Direct3D 11.0 [level 11.1]
    Renderer: NVIDIA GeForce MX150 (ID=0x1d10)
    Vendor:   
    VRAM:     1983 MB
    Driver:   27.21.14.6172
Initialize mono
Mono path[0] = 'C:/Program Files/Unity/Hub/Editor/2020.3.2f1/Editor/Data/Managed'
Mono path[1] = 'C:/Program Files/Unity/Hub/Editor/2020.3.2f1/Editor/Data/MonoBleedingEdge/lib/mono/unityjit'
Mono config path = 'C:/Program Files/Unity/Hub/Editor/2020.3.2f1/Editor/Data/MonoBleedingEdge/etc'
Using monoOptions --debugger-agent=transport=dt_socket,embedding=1,server=y,suspend=n,address=127.0.0.1:56860
Begin MonoManager ReloadAssembly
Registering precompiled unity dll's ...
Register platform support module: C:/Program Files/Unity/Hub/Editor/2020.3.2f1/Editor/Data/PlaybackEngines/WindowsStandaloneSupport/UnityEditor.WindowsStandalone.Extensions.dll
Registered in 0.006883 seconds.
Native extension for WindowsStandalone target not found
Refreshing native plugins compatible for Editor in 162.51 ms, found 1 plugins.
Preloading 0 native plugins for Editor in 0.00 ms.
Invoked RoslynAnalysisRunner static constructor.
RoslynAnalysisRunner will not be running.
RoslynAnalysisRunner has terminated.
Mono: successfully reloaded assembly
- Completed reload, in  6.327 seconds
Platform modules already initialized, skipping
Registering precompiled user dll's ...
Registered in 0.002593 seconds.
Begin MonoManager ReloadAssembly
Native extension for WindowsStandalone target not found
Refreshing native plugins compatible for Editor in 163.44 ms, found 1 plugins.
Preloading 0 native plugins for Editor in 0.00 ms.
Invoked RoslynAnalysisRunner static constructor.
RoslynAnalysisRunner will not be running.
RoslynAnalysisRunner has terminated.
Mono: successfully reloaded assembly
- Completed reload, in  3.029 seconds
Platform modules already initialized, skipping
========================================================================
Worker process is ready to serve import requests
Launched and connected shader compiler UnityShaderCompiler.exe after 0.18 seconds
Refreshing native plugins compatible for Editor in 0.74 ms, found 1 plugins.
Preloading 0 native plugins for Editor in 0.00 ms.
Unloading 1870 Unused Serialized files (Serialized files now loaded: 0)
System memory in use before: 88.3 MB.
System memory in use after: 88.4 MB.

Unloading 21 unused Assets to reduce memory usage. Loaded Objects now: 2315.
Total: 4.750000 ms (FindLiveObjects: 0.419900 ms CreateObjectMapping: 0.220500 ms MarkObjects: 3.807400 ms  DeleteObjects: 0.298300 ms)

========================================================================
Received Import Request.
  path: Assets/Scripts/FirstAid/Indoor/SceneFourScript.cs
  artifactKey: Guid(6b97aadecefa06a4586eebfedb461a40) Importer(815301076,1909f56bfc062723c751e8b465ee728b)
Start importing Assets/Scripts/FirstAid/Indoor/SceneFourScript.cs using Guid(6b97aadecefa06a4586eebfedb461a40) Importer(815301076,1909f56bfc062723c751e8b465ee728b)  -> (artifact id: '3005e6faa579d531f0d8b90b2a1a07cc') in 0.086547 seconds
  Import took 0.095945 seconds .

========================================================================
Received Prepare
Registering precompiled user dll's ...
Registered in 0.001764 seconds.
Begin MonoManager ReloadAssembly
Native extension for WindowsStandalone target not found
Refreshing native plugins compatible for Editor in 0.89 ms, found 1 plugins.
Preloading 0 native plugins for Editor in 0.00 ms.
Invoked RoslynAnalysisRunner static constructor.
RoslynAnalysisRunner will not be running.
RoslynAnalysisRunner has terminated.
Mono: successfully reloaded assembly
- Completed reload, in  2.864 seconds
Platform modules already initialized, skipping
Switching build target platform(5) subTarget(0) extendedPlatform(0) -> platform(13) subTarget(537395200) extendedPlatform(0)
Refreshing native plugins compatible for Editor in 0.87 ms, found 1 plugins.
Preloading 0 native plugins for Editor in 0.00 ms.
Unloading 1852 Unused Serialized files (Serialized files now loaded: 0)
System memory in use before: 86.5 MB.
System memory in use after: 86.6 MB.

Unloading 9 unused Assets to reduce memory usage. Loaded Objects now: 2319.
Total: 5.388400 ms (FindLiveObjects: 0.591300 ms CreateObjectMapping: 0.316300 ms MarkObjects: 4.357400 ms  DeleteObjects: 0.120000 ms)

AssetImportParameters requested are different than current active one (requested -> active):
  custom:graphics/normal-map-encoding: 01000000000000000000000000000000 -> 02000000000000000000000000000000
========================================================================
Received Import Request.
  Time since last request: 25.311460 seconds.
  path: Assets/Scripts/FirstAid/Indoor/SceneOneScript.cs
  artifactKey: Guid(256191268d781f849a3fb6a037b46429) Importer(815301076,1909f56bfc062723c751e8b465ee728b)
Start importing Assets/Scripts/FirstAid/Indoor/SceneOneScript.cs using Guid(256191268d781f849a3fb6a037b46429) Importer(815301076,1909f56bfc062723c751e8b465ee728b)  -> (artifact id: '86fdf1bed1f1ea30a3fccf34e79e5435') in 0.025067 seconds
  Import took 0.035292 seconds .

========================================================================
Received Import Request.
  Time since last request: 0.069675 seconds.
  path: Assets/Scripts/FirstAid/Indoor/SceneOneScript.cs
  artifactKey: Guid(256191268d781f849a3fb6a037b46429) Importer(815301076,1909f56bfc062723c751e8b465ee728b)
Start importing Assets/Scripts/FirstAid/Indoor/SceneOneScript.cs using Guid(256191268d781f849a3fb6a037b46429) Importer(815301076,1909f56bfc062723c751e8b465ee728b)  -> (artifact id: '86fdf1bed1f1ea30a3fccf34e79e5435') in 0.004699 seconds
  Import took 0.015167 seconds .

========================================================================
Received Prepare
Registering precompiled user dll's ...
Registered in 0.001742 seconds.
Begin MonoManager ReloadAssembly
Native extension for WindowsStandalone target not found
Refreshing native plugins compatible for Editor in 0.77 ms, found 1 plugins.
Preloading 0 native plugins for Editor in 0.00 ms.
Invoked RoslynAnalysisRunner static constructor.
RoslynAnalysisRunner will not be running.
RoslynAnalysisRunner has terminated.
Mono: successfully reloaded assembly
- Completed reload, in  2.557 seconds
Platform modules already initialized, skipping
Switching build target platform(5) subTarget(0) extendedPlatform(0) -> platform(13) subTarget(537395200) extendedPlatform(0)
Refreshing native plugins compatible for Editor in 1.38 ms, found 1 plugins.
Preloading 0 native plugins for Editor in 0.00 ms.
Unloading 1852 Unused Serialized files (Serialized files now loaded: 0)
System memory in use before: 86.6 MB.
System memory in use after: 86.7 MB.

Unloading 9 unused Assets to reduce memory usage. Loaded Objects now: 2323.
Total: 5.197600 ms (FindLiveObjects: 0.976200 ms CreateObjectMapping: 0.314400 ms MarkObjects: 3.777600 ms  DeleteObjects: 0.126400 ms)

AssetImportParameters requested are different than current active one (requested -> active):
  custom:graphics/normal-map-encoding: 01000000000000000000000000000000 -> 02000000000000000000000000000000
========================================================================
Received Prepare
Registering precompiled user dll's ...
Registered in 0.001785 seconds.
Begin MonoManager ReloadAssembly
Native extension for WindowsStandalone target not found
Refreshing native plugins compatible for Editor in 1.08 ms, found 1 plugins.
Preloading 0 native plugins for Editor in 0.00 ms.
Invoked RoslynAnalysisRunner static constructor.
RoslynAnalysisRunner will not be running.
RoslynAnalysisRunner has terminated.
Mono: successfully reloaded assembly
- Completed reload, in  2.623 seconds
Platform modules already initialized, skipping
Switching build target platform(5) subTarget(0) extendedPlatform(0) -> platform(13) subTarget(537395200) extendedPlatform(0)
Refreshing native plugins compatible for Editor in 0.70 ms, found 1 plugins.
Preloading 0 native plugins for Editor in 0.00 ms.
Unloading 1852 Unused Serialized files (Serialized files now loaded: 0)
System memory in use before: 86.6 MB.
System memory in use after: 86.7 MB.

Unloading 9 unused Assets to reduce memory usage. Loaded Objects now: 2327.
Total: 4.929400 ms (FindLiveObjects: 0.492900 ms CreateObjectMapping: 0.362600 ms MarkObjects: 3.938300 ms  DeleteObjects: 0.132100 ms)

AssetImportParameters requested are different than current active one (requested -> active):
  custom:graphics/normal-map-encoding: 01000000000000000000000000000000 -> 02000000000000000000000000000000
========================================================================
Received Import Request.
  Time since last request: 194.031613 seconds.
  path: Assets/gifs/FirstAid/Levels/Four/Intro/playing.png
  artifactKey: Guid(f58b057b086f1db448bfa2d0d25e7f8d) Importer(815301076,1909f56bfc062723c751e8b465ee728b)
Start importing Assets/gifs/FirstAid/Levels/Four/Intro/playing.png using Guid(f58b057b086f1db448bfa2d0d25e7f8d) Importer(815301076,1909f56bfc062723c751e8b465ee728b)  -> (artifact id: '77a311cba09aacdb3688dad07bb6a85a') in 0.250241 seconds
  Import took 0.261143 seconds .

========================================================================
Received Import Request.
  Time since last request: 0.000585 seconds.
  path: Assets/gifs/FirstAid/Levels/Four/Intro/playing_near_door.jpg
  artifactKey: Guid(8350dca78206a304d9438e58c8f050dc) Importer(815301076,1909f56bfc062723c751e8b465ee728b)
Start importing Assets/gifs/FirstAid/Levels/Four/Intro/playing_near_door.jpg using Guid(8350dca78206a304d9438e58c8f050dc) Importer(815301076,1909f56bfc062723c751e8b465ee728b)  -> (artifact id: 'acc824eb1b0aeceae675e295e58198af') in 0.087362 seconds
  Import took 0.096622 seconds .

========================================================================
Received Import Request.
  Time since last request: 2.088309 seconds.
  path: Assets/gifs/FirstAid/Levels/Four/Intro/boy-going-in-and-out-the-door
  artifactKey: Guid(fc68a75b847f1734c91417d556b07aef) Importer(815301076,1909f56bfc062723c751e8b465ee728b)
Start importing Assets/gifs/FirstAid/Levels/Four/Intro/boy-going-in-and-out-the-door using Guid(fc68a75b847f1734c91417d556b07aef) Importer(815301076,1909f56bfc062723c751e8b465ee728b)  -> (artifact id: '873f072f0a217c741115282cf507f71b') in 0.028582 seconds
  Import took 0.037957 seconds .

========================================================================
Received Import Request.
  Time since last request: 0.043819 seconds.
  path: Assets/gifs/FirstAid/Levels/Four/Intro/boy-going-in-and-out-the-door/6739.jpg
  artifactKey: Guid(5a3bfda64c3e8c24bae540bbadf2abab) Importer(815301076,1909f56bfc062723c751e8b465ee728b)
Start importing Assets/gifs/FirstAid/Levels/Four/Intro/boy-going-in-and-out-the-door/6739.jpg using Guid(5a3bfda64c3e8c24bae540bbadf2abab) Importer(815301076,1909f56bfc062723c751e8b465ee728b)  -> (artifact id: 'e544a508cc7a660617fd7d2370b9f4c3') in 0.169808 seconds
  Import took 0.473039 seconds .

========================================================================
Received Import Request.
  Time since last request: 0.000653 seconds.
  path: Assets/gifs/FirstAid/Levels/Four/Intro/boy-going-in-and-out-the-door/door.jpg
  artifactKey: Guid(3b8255eb9a00bbb419cfa50959e00cf3) Importer(815301076,1909f56bfc062723c751e8b465ee728b)
Start importing Assets/gifs/FirstAid/Levels/Four/Intro/boy-going-in-and-out-the-door/door.jpg using Guid(3b8255eb9a00bbb419cfa50959e00cf3) Importer(815301076,1909f56bfc062723c751e8b465ee728b)  -> (artifact id: '195f8eb1e06ca026b2b2e23d4db9522b') in 0.156438 seconds
  Import took 0.212961 seconds .

========================================================================
Received Import Request.
  Time since last request: 3.156242 seconds.
  path: Assets/gifs/FirstAid/Levels/Four/Intro
  artifactKey: Guid(11d36bbcd31356243b57418c3e829d6e) Importer(815301076,1909f56bfc062723c751e8b465ee728b)
Start importing Assets/gifs/FirstAid/Levels/Four/Intro using Guid(11d36bbcd31356243b57418c3e829d6e) Importer(815301076,1909f56bfc062723c751e8b465ee728b)  -> (artifact id: 'cbd473d6121a4a37f2bf8b339d35db13') in 0.027035 seconds
  Import took 0.034130 seconds .

========================================================================
Received Import Request.
  Time since last request: 65.547423 seconds.
  path: Assets/gifs/FirstAid/Levels/Four/Ending/lump_with_cloth_and_ice.jpg
  artifactKey: Guid(f220cc3d58c205d43942c29e7864b6ab) Importer(815301076,1909f56bfc062723c751e8b465ee728b)
Start importing Assets/gifs/FirstAid/Levels/Four/Ending/lump_with_cloth_and_ice.jpg using Guid(f220cc3d58c205d43942c29e7864b6ab) Importer(815301076,1909f56bfc062723c751e8b465ee728b)  -> (artifact id: '33141dfeebe0a8d28eb228558fed7572') in 0.053461 seconds
  Import took 0.063885 seconds .

========================================================================
Received Prepare
Registering precompiled user dll's ...
Registered in 0.002397 seconds.
Begin MonoManager ReloadAssembly
Native extension for WindowsStandalone target not found
Refreshing native plugins compatible for Editor in 0.72 ms, found 1 plugins.
Preloading 0 native plugins for Editor in 0.00 ms.
Invoked RoslynAnalysisRunner static constructor.
RoslynAnalysisRunner will not be running.
RoslynAnalysisRunner has terminated.
Mono: successfully reloaded assembly
- Completed reload, in  2.613 seconds
Platform modules already initialized, skipping
Switching build target platform(5) subTarget(0) extendedPlatform(0) -> platform(13) subTarget(537395200) extendedPlatform(0)
Refreshing native plugins compatible for Editor in 1.56 ms, found 1 plugins.
Preloading 0 native plugins for Editor in 0.00 ms.
Unloading 1852 Unused Serialized files (Serialized files now loaded: 0)
System memory in use before: 89.7 MB.
System memory in use after: 89.8 MB.

Unloading 9 unused Assets to reduce memory usage. Loaded Objects now: 2345.
Total: 4.223400 ms (FindLiveObjects: 0.378500 ms CreateObjectMapping: 0.254000 ms MarkObjects: 3.420000 ms  DeleteObjects: 0.167200 ms)

AssetImportParameters requested are different than current active one (requested -> active):
  custom:graphics/normal-map-encoding: 01000000000000000000000000000000 -> 02000000000000000000000000000000
========================================================================
Received Prepare
Registering precompiled user dll's ...
Registered in 0.001873 seconds.
Begin MonoManager ReloadAssembly
Native extension for WindowsStandalone target not found
Refreshing native plugins compatible for Editor in 0.74 ms, found 1 plugins.
Preloading 0 native plugins for Editor in 0.00 ms.
Invoked RoslynAnalysisRunner static constructor.
RoslynAnalysisRunner will not be running.
RoslynAnalysisRunner has terminated.
Mono: successfully reloaded assembly
- Completed reload, in  3.064 seconds
Platform modules already initialized, skipping
Switching build target platform(5) subTarget(0) extendedPlatform(0) -> platform(13) subTarget(537395200) extendedPlatform(0)
Refreshing native plugins compatible for Editor in 1.10 ms, found 1 plugins.
Preloading 0 native plugins for Editor in 0.00 ms.
Unloading 1852 Unused Serialized files (Serialized files now loaded: 0)
System memory in use before: 89.7 MB.
System memory in use after: 89.8 MB.

Unloading 9 unused Assets to reduce memory usage. Loaded Objects now: 2349.
Total: 5.386900 ms (FindLiveObjects: 0.701100 ms CreateObjectMapping: 0.279300 ms MarkObjects: 4.197400 ms  DeleteObjects: 0.204100 ms)

AssetImportParameters requested are different than current active one (requested -> active):
  custom:graphics/normal-map-encoding: 01000000000000000000000000000000 -> 02000000000000000000000000000000
========================================================================
Received Prepare
Registering precompiled user dll's ...
Registered in 0.002530 seconds.
Begin MonoManager ReloadAssembly
Native extension for WindowsStandalone target not found
Refreshing native plugins compatible for Editor in 1.31 ms, found 1 plugins.
Preloading 0 native plugins for Editor in 0.00 ms.
Invoked RoslynAnalysisRunner static constructor.
RoslynAnalysisRunner will not be running.
RoslynAnalysisRunner has terminated.
Mono: successfully reloaded assembly
- Completed reload, in  3.620 seconds
Platform modules already initialized, skipping
Switching build target platform(5) subTarget(0) extendedPlatform(0) -> platform(13) subTarget(537395200) extendedPlatform(0)
Refreshing native plugins compatible for Editor in 0.72 ms, found 1 plugins.
Preloading 0 native plugins for Editor in 0.00 ms.
Unloading 1852 Unused Serialized files (Serialized files now loaded: 0)
System memory in use before: 89.7 MB.
System memory in use after: 89.8 MB.

Unloading 9 unused Assets to reduce memory usage. Loaded Objects now: 2353.
Total: 6.032600 ms (FindLiveObjects: 1.342700 ms CreateObjectMapping: 0.374300 ms MarkObjects: 4.179100 ms  DeleteObjects: 0.132300 ms)

AssetImportParameters requested are different than current active one (requested -> active):
  custom:graphics/normal-map-encoding: 01000000000000000000000000000000 -> 02000000000000000000000000000000
========================================================================
Received Prepare
Registering precompiled user dll's ...
Registered in 0.002331 seconds.
Begin MonoManager ReloadAssembly
Native extension for WindowsStandalone target not found
Refreshing native plugins compatible for Editor in 0.72 ms, found 1 plugins.
Preloading 0 native plugins for Editor in 0.00 ms.
Invoked RoslynAnalysisRunner static constructor.
RoslynAnalysisRunner will not be running.
RoslynAnalysisRunner has terminated.
Mono: successfully reloaded assembly
- Completed reload, in  2.828 seconds
Platform modules already initialized, skipping
Switching build target platform(5) subTarget(0) extendedPlatform(0) -> platform(13) subTarget(537395200) extendedPlatform(0)
Refreshing native plugins compatible for Editor in 0.69 ms, found 1 plugins.
Preloading 0 native plugins for Editor in 0.00 ms.
Unloading 1852 Unused Serialized files (Serialized files now loaded: 0)
System memory in use before: 89.7 MB.
System memory in use after: 89.8 MB.

Unloading 9 unused Assets to reduce memory usage. Loaded Objects now: 2357.
Total: 6.900900 ms (FindLiveObjects: 1.393900 ms CreateObjectMapping: 0.398400 ms MarkObjects: 4.949700 ms  DeleteObjects: 0.155700 ms)

AssetImportParameters requested are different than current active one (requested -> active):
  custom:graphics/normal-map-encoding: 01000000000000000000000000000000 -> 02000000000000000000000000000000
========================================================================
Received Prepare
Registering precompiled user dll's ...
Registered in 0.003348 seconds.
Begin MonoManager ReloadAssembly
Native extension for WindowsStandalone target not found
Refreshing native plugins compatible for Editor in 0.75 ms, found 1 plugins.
Preloading 0 native plugins for Editor in 0.00 ms.
Invoked RoslynAnalysisRunner static constructor.
RoslynAnalysisRunner will not be running.
RoslynAnalysisRunner has terminated.
Mono: successfully reloaded assembly
- Completed reload, in  3.214 seconds
Platform modules already initialized, skipping
Switching build target platform(5) subTarget(0) extendedPlatform(0) -> platform(13) subTarget(537395200) extendedPlatform(0)
Refreshing native plugins compatible for Editor in 1.16 ms, found 1 plugins.
Preloading 0 native plugins for Editor in 0.00 ms.
Unloading 1852 Unused Serialized files (Serialized files now loaded: 0)
System memory in use before: 89.8 MB.
System memory in use after: 89.8 MB.

Unloading 9 unused Assets to reduce memory usage. Loaded Objects now: 2361.
Total: 5.000500 ms (FindLiveObjects: 0.544200 ms CreateObjectMapping: 0.268200 ms MarkObjects: 4.040600 ms  DeleteObjects: 0.143400 ms)

AssetImportParameters requested are different than current active one (requested -> active):
  custom:graphics/normal-map-encoding: 01000000000000000000000000000000 -> 02000000000000000000000000000000
========================================================================
Received Prepare
Registering precompiled user dll's ...
Registered in 0.003243 seconds.
Begin MonoManager ReloadAssembly
Native extension for WindowsStandalone target not found
Refreshing native plugins compatible for Editor in 1.04 ms, found 1 plugins.
Preloading 0 native plugins for Editor in 0.00 ms.
Invoked RoslynAnalysisRunner static constructor.
RoslynAnalysisRunner will not be running.
RoslynAnalysisRunner has terminated.
Mono: successfully reloaded assembly
- Completed reload, in  2.902 seconds
Platform modules already initialized, skipping
Switching build target platform(5) subTarget(0) extendedPlatform(0) -> platform(13) subTarget(537395200) extendedPlatform(0)
Refreshing native plugins compatible for Editor in 1.87 ms, found 1 plugins.
Preloading 0 native plugins for Editor in 0.00 ms.
Unloading 1852 Unused Serialized files (Serialized files now loaded: 0)
System memory in use before: 89.8 MB.
System memory in use after: 89.8 MB.

Unloading 9 unused Assets to reduce memory usage. Loaded Objects now: 2365.
Total: 4.388700 ms (FindLiveObjects: 0.547700 ms CreateObjectMapping: 0.245400 ms MarkObjects: 3.438700 ms  DeleteObjects: 0.153900 ms)

AssetImportParameters requested are different than current active one (requested -> active):
  custom:graphics/normal-map-encoding: 01000000000000000000000000000000 -> 02000000000000000000000000000000
========================================================================
Received Import Request.
  Time since last request: 2412.937847 seconds.
  path: Assets/Scenes/FirstAid/Indoor/SceneFive.unity
  artifactKey: Guid(da464479f64809942ae0fc01788ce073) Importer(815301076,1909f56bfc062723c751e8b465ee728b)
Start importing Assets/Scenes/FirstAid/Indoor/SceneFive.unity using Guid(da464479f64809942ae0fc01788ce073) Importer(815301076,1909f56bfc062723c751e8b465ee728b)  -> (artifact id: 'cfdcd0311b884baaa05539dbecc7481c') in 0.070361 seconds
  Import took 0.115374 seconds .

AssetImportWorkerClient::OnTransportError - code=2 error=End of file
